<?xml version="1.0" encoding="UTF-8"?>
<!-- Generated by org.testng.reporters.JUnitXMLReporter -->
<testsuite ignored="0" hostname="DESKTOP-PIFJC37" failures="1" tests="2" name="Test" time="20.573" errors="0" timestamp="2025-02-22T14:38:19 IST">
  <testcase classname="framework2.SausEcommerceParameter" name="submitOrder" time="7.442">
    <failure type="java.lang.NullPointerException" message="Cannot invoke &amp;quot;org.openqa.selenium.WebElement.findElement(org.openqa.selenium.By)&amp;quot; because &amp;quot;MyProduct&amp;quot; is null">
      <![CDATA[java.lang.NullPointerException: Cannot invoke "org.openqa.selenium.WebElement.findElement(org.openqa.selenium.By)" because "MyProduct" is null
at framework2.ProductPage.addToCartButton(ProductPage.java:39)
at framework2.SausEcommerceParameter.submitOrder(SausEcommerceParameter.java:28)
at java.base/java.util.ArrayList.forEach(ArrayList.java:1597)
... Removed 25 stack frames]]>
    </failure>
  </testcase> <!-- submitOrder -->
  <testcase classname="framework2.SausEcommerceParameter" name="submitOrder" time="6.791"/>
</testsuite> <!-- Test -->
