<?xml version="1.0" encoding="UTF-8"?>
<!-- Generated by org.testng.reporters.JUnitXMLReporter -->
<testsuite ignored="0" hostname="DESKTOP-PIFJC37" failures="1" tests="1" name="Error Validation test" time="4.834" errors="0" timestamp="2025-02-15T20:35:22 IST">
  <testcase classname="RahulShettyAcademy.ErrorValidation" name="errorValidation" time="0.807">
    <failure type="java.lang.AssertionError" message="expected [Incorrect email or password.] but found [Incorrectt email or password.]">
      <![CDATA[java.lang.AssertionError: expected [Incorrect email or password.] but found [Incorrectt email or password.]
at RahulShettyAcademy.ErrorValidation.errorValidation(ErrorValidation.java:21)
at java.base/java.util.ArrayList.forEach(ArrayList.java:1597)
... Removed 31 stack frames]]>
    </failure>
  </testcase> <!-- errorValidation -->
</testsuite> <!-- Error Validation test -->
