<?xml version="1.0" encoding="UTF-8"?>
<!-- Generated by org.testng.reporters.JUnitXMLReporter -->
<testsuite ignored="2" hostname="DESKTOP-PIFJC37" failures="0" tests="0" time="0.011" errors="0" timestamp="2025-02-15T19:25:34 IST">
  <testcase classname="RahulShettyAcademy.StandAloneTest" name="orderHistoryVerify" time="0.0">
    <ignored/>
  </testcase> <!-- orderHistoryVerify -->
  <testcase classname="RahulShettyAcademy.StandAloneTest" name="submitOrder" time="0.0">
    <ignored/>
  </testcase> <!-- submitOrder -->
</testsuite>
