<?xml version="1.0" encoding="UTF-8"?>
<!-- Generated by org.testng.reporters.JUnitReportReporter -->
<testsuite hostname="DESKTOP-PIFJC37" failures="0" tests="3" name="RahulShettyAcademy.StandAloneTest" time="40.367" errors="0" timestamp="2025-02-13T19:54:56 IST" skipped="0">
  <testcase classname="RahulShettyAcademy.StandAloneTest" name="orderHistoryVerify" time="12.052"/>
  <testcase classname="RahulShettyAcademy.StandAloneTest" name="submitOrder" time="17.848"/>
  <testcase classname="RahulShettyAcademy.StandAloneTest" name="submitOrder" time="10.467"/>
</testsuite> <!-- RahulShettyAcademy.StandAloneTest -->
